<?xml version="1.0" encoding="UTF-8"?>
<!-- Generated by org.testng.reporters.JUnitXMLReporter -->
<testsuite ignored="0" hostname="nycs-MBP.lan" failures="0" tests="3" name="Test" time="2.202" errors="0" timestamp="2023-03-20T21:16:33 EDT">
  <testcase classname="functionaltests.GetPlayersTest" name="getPlayersValidation" time="1.116"/>
  <testcase classname="unittests.DeleteTest" name="deleteTest" time="0.006"/>
  <testcase classname="unittests.PutTest" name="putTest" time="0.514"/>
</testsuite> <!-- Test -->
